<?xml version="1.0" encoding="UTF-8"?>
<!-- Generated by org.testng.reporters.JUnitXMLReporter -->
<testsuite ignored="1" hostname="USQROACHAVEZHU1" failures="0" tests="2" name="Test1" time="0.055" errors="0" timestamp="2023-08-02T14:40:57 CDT">
  <testcase classname="test.Day1" name="Demo" time="0.009"/>
  <testcase classname="test.Day2" name="plan" time="0.002"/>
  <testcase classname="test.Day1" name="SecondTest" time="0.0">
    <ignored/>
  </testcase> <!-- SecondTest -->
</testsuite> <!-- Test1 -->
