<?xml version="1.0" encoding="UTF-8"?>
<!-- Generated by org.testng.reporters.JUnitXMLReporter -->
<testsuite ignored="4" hostname="USQROACHAVEZHU1" failures="0" tests="8" name="Regression" time="0.161" errors="0" timestamp="2023-08-02T17:02:52 CDT">
  <testcase classname="test.Day1" name="Demo" time="0.01"/>
  <testcase classname="test.Day1" name="SecondTest" time="0.002"/>
  <testcase classname="test.Day3" name="LoginAPIHome" time="0.001"/>
  <testcase classname="test.Day3" name="MobileLoginCarLoan" time="0.011"/>
  <testcase classname="test.Day3" name="MobileLoginHome" time="0.011"/>
  <testcase classname="test.Day3" name="MobileSiginCarLoan" time="0.002"/>
  <testcase classname="test.Day3" name="MobileSigoutCarLoan" time="0.003"/>
  <testcase classname="test.Day3" name="WebLoginHome" time="0.003"/>
  <testcase classname="test.Day3" name="WebLoginCarLoan" time="0.0">
    <ignored/>
  </testcase> <!-- WebLoginCarLoan -->
  <testcase classname="test.Day2" name="plan" time="0.0">
    <ignored/>
  </testcase> <!-- plan -->
  <testcase classname="test.Day3" name="APICarLoan" time="0.0">
    <ignored/>
  </testcase> <!-- APICarLoan -->
  <testcase classname="test.Day4" name="plan" time="0.0">
    <ignored/>
  </testcase> <!-- plan -->
</testsuite> <!-- Regression -->
